Query: "u" at 2026-05-10T19:31:36.705Z
Query: "use" at 2026-05-10T19:31:37.249Z
Query: "user" at 2026-05-10T19:31:37.459Z
Query: "u" at 2026-05-10T19:31:55.941Z
Query: "user" at 2026-05-10T19:31:56.657Z
Query: "us" at 2026-05-10T19:32:45.179Z
Query: "use" at 2026-05-10T19:32:45.460Z
Query: "user" at 2026-05-10T19:32:45.831Z
Query: "u" at 2026-05-10T19:32:50.321Z
Query: "us" at 2026-05-10T19:32:50.491Z
Query: "use" at 2026-05-10T19:32:50.742Z
Query: "user" at 2026-05-10T19:32:51.023Z
Query: "u" at 2026-05-10T19:39:41.867Z
Query: "us" at 2026-05-10T19:39:42.213Z
Query: "u" at 2026-05-10T19:39:51.826Z
Query: "user" at 2026-05-10T19:39:52.524Z
Query: "u" at 2026-05-10T19:47:24.161Z
Query: "u" at 2026-05-10T19:47:33.443Z
Query: "u" at 2026-05-11T01:17:44.121Z
Query: "user" at 2026-05-11T01:17:44.866Z
Query: "us" at 2026-05-11T08:03:11.936Z
Query: "use" at 2026-05-11T08:03:12.178Z
Query: "user" at 2026-05-11T08:03:12.348Z
Query: "u" at 2026-05-11T23:12:18.376Z
Query: "us" at 2026-05-11T23:12:18.570Z
Query: "user" at 2026-05-11T23:12:18.942Z
Query: "user2" at 2026-05-11T23:12:19.239Z
Query: "us" at 2026-05-11T23:12:22.308Z
Query: "user" at 2026-05-11T23:12:22.668Z
Query: "user1" at 2026-05-11T23:12:23.072Z
Query: "user10" at 2026-05-11T23:12:23.305Z
Query: "user1" at 2026-05-11T23:12:25.188Z
Query: "user" at 2026-05-11T23:12:27.629Z
Query: "use" at 2026-05-11T23:12:27.959Z
Query: "us" at 2026-05-11T23:12:28.487Z
Query: "u" at 2026-05-11T23:12:28.954Z
Query: "u" at 2026-05-11T23:27:07.780Z
Query: "usser" at 2026-05-11T23:27:08.250Z
Query: "usser1" at 2026-05-11T23:27:08.422Z
Query: "usser" at 2026-05-11T23:27:10.084Z
Query: "usse" at 2026-05-11T23:27:10.353Z
Query: "uss" at 2026-05-11T23:27:10.664Z
Query: "us" at 2026-05-11T23:27:11.022Z
Query: "use" at 2026-05-11T23:27:12.118Z
Query: "user" at 2026-05-11T23:27:12.308Z
Query: "user2" at 2026-05-11T23:27:12.681Z
Query: "u" at 2026-05-13T12:24:48.943Z
Query: "us" at 2026-05-13T12:24:49.480Z
Query: "use" at 2026-05-13T12:24:49.761Z
Query: "user" at 2026-05-13T12:24:49.951Z
Query: "us" at 2026-05-13T12:24:53.003Z
Query: "user" at 2026-05-13T12:24:53.406Z
Query: "user2" at 2026-05-13T12:24:53.782Z
Query: "us" at 2026-05-13T13:14:28.521Z
Query: "user" at 2026-05-13T13:14:28.941Z
Query: "user1" at 2026-05-13T13:14:30.418Z
Query: "user" at 2026-05-13T13:14:30.824Z
Query: "use" at 2026-05-13T13:14:31.024Z
Query: "us" at 2026-05-13T13:14:31.223Z
Query: "u" at 2026-05-13T13:14:31.414Z
Query: "gir" at 2026-05-13T17:35:15.333Z
Query: "giri" at 2026-05-13T17:35:15.615Z
Query: "g" at 2026-05-13T18:52:22.228Z
Query: "giri" at 2026-05-13T18:52:22.784Z
Query: "p" at 2026-05-14T07:49:50.903Z
Query: "pa" at 2026-05-14T07:49:51.135Z
Query: "g" at 2026-05-14T07:49:55.158Z
Query: "gi" at 2026-05-14T07:49:55.344Z
Query: "giri" at 2026-05-14T07:49:55.700Z
Query: "g" at 2026-05-14T07:50:28.393Z
Query: "gi" at 2026-05-14T07:50:28.982Z
Query: "g" at 2026-05-14T07:50:32.117Z
Query: "n" at 2026-05-14T08:21:28.342Z
Query: "h" at 2026-05-14T08:21:30.535Z
Query: "ha" at 2026-05-14T08:21:30.779Z
Query: "han" at 2026-05-14T08:21:31.012Z
Query: "g" at 2026-05-14T09:26:48.475Z
Query: "gi" at 2026-05-14T09:26:48.801Z
Query: "gir" at 2026-05-14T09:26:50.135Z
Query: "u" at 2026-05-14T09:38:01.016Z
Query: "us" at 2026-05-14T09:38:01.245Z
Query: "use" at 2026-05-14T09:38:01.508Z
Query: "user" at 2026-05-14T09:38:01.771Z
Query: "use" at 2026-05-14T09:38:02.256Z
Query: "g" at 2026-05-14T09:38:04.438Z
Query: "gi" at 2026-05-14T09:38:04.608Z
Query: "gir" at 2026-05-14T09:38:04.929Z
Query: "g" at 2026-05-14T09:39:46.203Z
Query: "gi" at 2026-05-14T09:39:46.427Z
Query: "giri" at 2026-05-14T09:39:46.815Z
Query: "g" at 2026-05-14T11:49:56.472Z
Query: "gi" at 2026-05-14T11:49:56.701Z
Query: "gir" at 2026-05-14T11:49:56.943Z
Query: "giri" at 2026-05-14T11:49:57.144Z
Query: "g" at 2026-05-14T14:54:47.034Z
Query: "gi" at 2026-05-14T14:54:47.297Z
Query: "gir" at 2026-05-14T14:54:47.579Z
Query: "u" at 2026-05-15T08:34:32.230Z
Query: "palla" at 2026-05-15T08:34:33.674Z
Query: "g" at 2026-05-15T08:34:44.776Z
Query: "gi" at 2026-05-15T08:34:44.950Z
Query: "gir" at 2026-05-15T08:34:45.167Z
Query: "p" at 2026-05-17T13:06:49.021Z
Query: "pla" at 2026-05-17T13:06:49.249Z
Query: "pl" at 2026-05-17T13:06:49.857Z
Query: "p" at 2026-05-17T13:06:50.195Z
Query: "g" at 2026-05-17T13:06:59.534Z
Query: "gi" at 2026-05-17T13:06:59.720Z
Query: "giri" at 2026-05-17T13:07:00.015Z
Query: "g" at 2026-05-17T13:49:21.455Z
Query: "gi" at 2026-05-17T13:49:21.687Z
Query: "gir" at 2026-05-17T13:49:21.876Z
Query: "giri9115@gmail.com" at 2026-05-17T14:37:17.556Z
Query: "g" at 2026-05-17T14:49:40.330Z
Query: "gi" at 2026-05-17T14:49:40.509Z
Query: "gir" at 2026-05-17T14:49:40.816Z
Query: "g" at 2026-05-17T14:59:26.034Z
Query: "gi" at 2026-05-17T14:59:26.248Z
Query: "gir" at 2026-05-17T14:59:26.598Z
Query: "giri" at 2026-05-17T14:59:26.811Z
Query: "m" at 2026-05-18T00:47:56.825Z
Query: "mana" at 2026-05-18T00:47:57.261Z
Query: "man" at 2026-05-18T00:47:58.624Z
Query: "ma" at 2026-05-18T00:47:58.916Z
Query: "m" at 2026-05-18T00:47:59.102Z
Query: "m" at 2026-05-18T00:48:00.346Z
Query: "ma" at 2026-05-18T00:48:00.692Z
Query: "g" at 2026-05-18T07:37:13.690Z
Query: "giri" at 2026-05-18T07:37:14.135Z
Query: "giri" at 2026-05-18T08:01:34.667Z
Query: "g" at 2026-05-19T08:29:21.312Z
Query: "gi" at 2026-05-19T08:29:21.514Z
Query: "p" at 2026-05-24T01:40:12.889Z
Query: "p" at 2026-05-24T01:40:34.396Z
